


ARM Macro Assembler    Page 1 


    1 00000000         #line   1                "THREADX\\ports\\cortex_m4\\ac5
\\src\\tx_thread_stack_build.s"
    1 00000000         
    2 00000000         
    3 00000000         
    4 00000000         
    5 00000000         
    6 00000000         
    7 00000000         
    8 00000000         
    9 00000000         
   10 00000000         
   11 00000000         
   12 00000000         
   13 00000000         
   14 00000000         
   15 00000000         
   16 00000000         
   17 00000000         
   18 00000000         
   19 00000000         
   20 00000000         
   21 00000000         
   22 00000000         
   23 00000000         
   24 00000000         
   25 00000000         
   26 00000000         
   27 00000000                 AREA             ||.text||, CODE, READONLY
   28 00000000         
   29 00000000         
   30 00000000         
   31 00000000         
   32 00000000         
   33 00000000         
   34 00000000         
   35 00000000         
   36 00000000         
   37 00000000         
   38 00000000         
   39 00000000         
   40 00000000         
   41 00000000         
   42 00000000         
   43 00000000         
   44 00000000         
   45 00000000         
   46 00000000         
   47 00000000         
   48 00000000         
   49 00000000         
   50 00000000         
   51 00000000         
   52 00000000         
   53 00000000         
   54 00000000         
   55 00000000         
   56 00000000         
   57 00000000         



ARM Macro Assembler    Page 2 


   58 00000000         
   59 00000000         
   60 00000000         
   61 00000000         
   62 00000000         
   63 00000000                 EXPORT           _tx_thread_stack_build
   64 00000000         _tx_thread_stack_build
   65 00000000         
   66 00000000         
   67 00000000         
   68 00000000         
   69 00000000         
   70 00000000         
   71 00000000         
   72 00000000         
   73 00000000         
   74 00000000         
   75 00000000         
   76 00000000         
   77 00000000         
   78 00000000         
   79 00000000         
   80 00000000         
   81 00000000         
   82 00000000         
   83 00000000         
   84 00000000         
   85 00000000         
   86 00000000         
   87 00000000         
   88 00000000         
   89 00000000         
   90 00000000 6902            LDR              r2, [r0, #16]
   91 00000002 F022 0207       BIC              r2, r2, #0x7
   92 00000006 F1A2 0244       SUB              r2, r2, #68
   93 0000000A F06F 0302       LDR              r3, =0xFFFFFFFD
   94 0000000E 6013            STR              r3, [r2, #0]
   95 00000010         
   96 00000010         
   97 00000010         
   98 00000010 F04F 0300       MOV              r3, #0
   99 00000014 6053            STR              r3, [r2, #4]
  100 00000016 6093            STR              r3, [r2, #8]
  101 00000018 60D3            STR              r3, [r2, #12]
  102 0000001A 6113            STR              r3, [r2, #16]
  103 0000001C 6153            STR              r3, [r2, #20]
  104 0000001E 6193            STR              r3, [r2, #24]
  105 00000020 61D3            STR              r3, [r2, #28]
  106 00000022 6213            STR              r3, [r2, #32]
  107 00000024         
  108 00000024         
  109 00000024         
  110 00000024 6253            STR              r3, [r2, #36]
  111 00000026 6293            STR              r3, [r2, #40]
  112 00000028 62D3            STR              r3, [r2, #44]
  113 0000002A 6313            STR              r3, [r2, #48]
  114 0000002C 6353            STR              r3, [r2, #52]
  115 0000002E F04F 33FF       MOV              r3, #0xFFFFFFFF
  116 00000032 6393            STR              r3, [r2, #56]



ARM Macro Assembler    Page 3 


  117 00000034 63D1            STR              r1, [r2, #60]
  118 00000036 F04F 7380       MOV              r3, #0x01000000
  119 0000003A 6413            STR              r3, [r2, #64]
  120 0000003C         
  121 0000003C         
  122 0000003C         
  123 0000003C         
  124 0000003C 6082            STR              r2, [r0, #8]
  125 0000003E         
  126 0000003E 4770            BX               lr
  127 00000040         
  128 00000040                 END
Command Line: --debug --xref --cpreproc --diag_suppress=9931 --cpu=Cortex-M4.fp
.sp --apcs=interwork --depend=.\objects\tx_thread_stack_build.d -o.\objects\tx_
thread_stack_build.o -I.\THREADX\common\inc -I.\THREADX\ports\cortex_m4\ac5\inc
 -I.\SYSTEM -I.\USER -ID:\Keilv5\Packs\Keil\STM32F4xx_DFP\2.15.0\Drivers\CMSIS\
Device\ST\STM32F4xx\Include -ID:\Keilv5\Packs\Keil\STM32F4xx_DFP\2.15.0\Device\
Include --predefine="__UVISION_VERSION SETA 543" --predefine="STM32F407xx SETA 
1" --list=.\listings\tx_thread_stack_build.lst THREADX\ports\cortex_m4\ac5\src\
tx_thread_stack_build.s



ARM Macro Assembler    Page 1 Alphabetic symbol ordering
Relocatable symbols

_tx_thread_stack_build 00000000

Symbol: _tx_thread_stack_build
   Definitions
      At line 64 in file THREADX\\ports\\cortex_m4\\ac5\\src\\tx_thread_stack_b
uild.s
   Uses
      At line 63 in file THREADX\\ports\\cortex_m4\\ac5\\src\\tx_thread_stack_b
uild.s
Comment: _tx_thread_stack_build used once
|.text| 00000000

Symbol: |.text|
   Definitions
      At line 27 in file THREADX\\ports\\cortex_m4\\ac5\\src\\tx_thread_stack_b
uild.s
   Uses
      None
Comment: |.text| unused
2 symbols
335 symbols in table
