


ARM Macro Assembler    Page 1 


    1 00000000         #line   1                "THREADX\\ports\\cortex_m4\\ac5
\\src\\tx_thread_context_restore.s"
    1 00000000         
    2 00000000         
    3 00000000         
    4 00000000         
    5 00000000         
    6 00000000         
    7 00000000         
    8 00000000         
    9 00000000         
   10 00000000         
   11 00000000         
   12 00000000         
   13 00000000         
   14 00000000         
   15 00000000         
   16 00000000         
   17 00000000         
   18 00000000         
   19 00000000         
   20 00000000         
   21 00000000         
   22 00000000         
   23 00000000         
   24 00000000         
   25 00000000         
   26 00000000         
   27 00000000         
   28 00000000         
   29 00000000         
   30 00000000         
   31 00000000                 AREA             ||.text||, CODE, READONLY
   32 00000000                 PRESERVE8
   33 00000000         
   34 00000000         
   35 00000000         
   36 00000000         
   37 00000000         
   38 00000000         
   39 00000000         
   40 00000000         
   41 00000000         
   42 00000000         
   43 00000000         
   44 00000000         
   45 00000000         
   46 00000000         
   47 00000000         
   48 00000000         
   49 00000000         
   50 00000000         
   51 00000000         
   52 00000000         
   53 00000000         
   54 00000000         
   55 00000000         
   56 00000000         
   57 00000000         



ARM Macro Assembler    Page 2 


   58 00000000         
   59 00000000         
   60 00000000         
   61 00000000         
   62 00000000         
   63 00000000         
   64 00000000         
   65 00000000         
   66 00000000                 EXPORT           _tx_thread_context_restore
   67 00000000         _tx_thread_context_restore
   68 00000000         
   69 00000000         #line   75               "THREADX\\ports\\cortex_m4\\ac5
\\src\\tx_thread_context_restore.s"
   75 00000000         
   76 00000000 4770            BX               lr
   77 00000002         
   78 00000002 00 00           ALIGN
   79 00000004                 LTORG
   80 00000004                 END
Command Line: --debug --xref --cpreproc --diag_suppress=9931 --cpu=Cortex-M4.fp
.sp --apcs=interwork --depend=.\objects\tx_thread_context_restore.d -o.\objects
\tx_thread_context_restore.o -I.\THREADX\common\inc -I.\THREADX\ports\cortex_m4
\ac5\inc -I.\SYSTEM -I.\USER -ID:\Keilv5\Packs\Keil\STM32F4xx_DFP\2.15.0\Driver
s\CMSIS\Device\ST\STM32F4xx\Include -ID:\Keilv5\Packs\Keil\STM32F4xx_DFP\2.15.0
\Device\Include --predefine="__UVISION_VERSION SETA 543" --predefine="STM32F407
xx SETA 1" --list=.\listings\tx_thread_context_restore.lst THREADX\ports\cortex
_m4\ac5\src\tx_thread_context_restore.s



ARM Macro Assembler    Page 1 Alphabetic symbol ordering
Relocatable symbols

_tx_thread_context_restore 00000000

Symbol: _tx_thread_context_restore
   Definitions
      At line 67 in file THREADX\\ports\\cortex_m4\\ac5\\src\\tx_thread_context
_restore.s
   Uses
      At line 66 in file THREADX\\ports\\cortex_m4\\ac5\\src\\tx_thread_context
_restore.s
Comment: _tx_thread_context_restore used once
|.text| 00000000

Symbol: |.text|
   Definitions
      At line 31 in file THREADX\\ports\\cortex_m4\\ac5\\src\\tx_thread_context
_restore.s
   Uses
      None
Comment: |.text| unused
2 symbols
335 symbols in table
