


ARM Macro Assembler    Page 1 


    1 00000000         #line   1                "THREADX\\ports\\cortex_m4\\ac5
\\src\\tx_thread_schedule.s"
    1 00000000         
    2 00000000         
    3 00000000         
    4 00000000         
    5 00000000         
    6 00000000         
    7 00000000         
    8 00000000         
    9 00000000         
   10 00000000         
   11 00000000         
   12 00000000         
   13 00000000         
   14 00000000         
   15 00000000         
   16 00000000         
   17 00000000         
   18 00000000         
   19 00000000         
   20 00000000         
   21 00000000         
   22 00000000         
   23 00000000         
   24 00000000         
   25 00000000         
   26 00000000         
   27 00000000                 IMPORT           _tx_thread_current_ptr
   28 00000000                 IMPORT           _tx_thread_execute_ptr
   29 00000000                 IMPORT           _tx_timer_time_slice
   30 00000000                 IMPORT           _tx_thread_system_stack_ptr
   31 00000000                 IMPORT           _tx_thread_preempt_disable
   32 00000000         
   33 00000000         
   34 00000000         
   35 00000000         
   36 00000000         
   37 00000000                 AREA             ||.text||, CODE, READONLY
   38 00000000                 PRESERVE8
   39 00000000         
   40 00000000         
   41 00000000         
   42 00000000         
   43 00000000         
   44 00000000         
   45 00000000         
   46 00000000         
   47 00000000         
   48 00000000         
   49 00000000         
   50 00000000         
   51 00000000         
   52 00000000         
   53 00000000         
   54 00000000         
   55 00000000         
   56 00000000         
   57 00000000         



ARM Macro Assembler    Page 2 


   58 00000000         
   59 00000000         
   60 00000000         
   61 00000000         
   62 00000000         
   63 00000000         
   64 00000000         
   65 00000000         
   66 00000000         
   67 00000000         
   68 00000000         
   69 00000000         
   70 00000000         
   71 00000000         
   72 00000000         
   73 00000000         
   74 00000000                 EXPORT           _tx_thread_schedule
   75 00000000         _tx_thread_schedule
   76 00000000         
   77 00000000         
   78 00000000         
   79 00000000         
   80 00000000         
   81 00000000         
   82 00000000         
   83 00000000 F04F 0000       MOV              r0, #0
   84 00000004 4A2C            LDR              r2, =_tx_thread_preempt_disable
   85 00000006 6010            STR              r0, [r2, #0]
   86 00000008         
   87 00000008         
   88 00000008         
   89 00000008         
   90 00000008 F3EF 8014       MRS              r0, CONTROL
   91 0000000C F020 0004       BIC              r0, r0, #4
   92 00000010 F380 8814       MSR              CONTROL, r0
   93 00000014         
   94 00000014         
   95 00000014         
   96 00000014 B662            CPSIE            i
   97 00000016         
   98 00000016         
   99 00000016         
  100 00000016 F04F 5080       MOV              r0, #0x10000000
  101 0000001A F04F 21E0       MOV              r1, #0xE000E000
  102 0000001E F8C1 0D04       STR              r0, [r1, #0xD04]
  103 00000022 F3BF 8F4F       DSB
  104 00000026 F3BF 8F6F       ISB
  105 0000002A         
  106 0000002A         
  107 0000002A         
  108 0000002A         __tx_wait_here
  109 0000002A E7FE            B                __tx_wait_here
  110 0000002C         
  111 0000002C         
  112 0000002C         
  113 0000002C         
  114 0000002C                 EXPORT           __tx_PendSVHandler
  115 0000002C                 EXPORT           PendSV_Handler
  116 0000002C         __tx_PendSVHandler



ARM Macro Assembler    Page 3 


  117 0000002C         PendSV_Handler
  118 0000002C         
  119 0000002C         
  120 0000002C         
  121 0000002C         __tx_ts_handler
  122 0000002C         
  123 0000002C         #line   141              "THREADX\\ports\\cortex_m4\\ac5
\\src\\tx_thread_schedule.s"
  141 0000002C         
  142 0000002C 4823            LDR              r0, =_tx_thread_current_ptr
  143 0000002E 4A24            LDR              r2, =_tx_thread_execute_ptr
  144 00000030 F04F 0300       MOV              r3, #0
  145 00000034 6801            LDR              r1, [r0]
  146 00000036         
  147 00000036         
  148 00000036         
  149 00000036 B191            CBZ              r1, __tx_ts_new
  150 00000038         
  151 00000038         
  152 00000038         
  153 00000038 6003            STR              r3, [r0]
  154 0000003A F3EF 8C09       MRS              r12, PSP
  155 0000003E E92C 0FF0       STMDB            r12!, {r4-r11}
  156 00000042         
  157 00000042 F01E 0F10       TST              LR, #0x10
  158 00000046 D101            BNE              _skip_vfp_save
  159 00000048 ED2C 8A10       VSTMDB           r12!,{s16-s31}
  160 0000004C         _skip_vfp_save
  161 0000004C         
  162 0000004C 4C1D            LDR              r4, =_tx_timer_time_slice
  163 0000004E F84C ED04       STMDB            r12!, {LR}
  164 00000052         
  165 00000052         
  166 00000052         
  167 00000052 6825            LDR              r5, [r4]
  168 00000054 F8C1 C008       STR              r12, [r1, #8]
  169 00000058 B10D            CBZ              r5, __tx_ts_new
  170 0000005A         
  171 0000005A         
  172 0000005A         
  173 0000005A 618D            STR              r5, [r1, #24]
  174 0000005C         
  175 0000005C         
  176 0000005C         
  177 0000005C 6023            STR              r3, [r4]
  178 0000005E         
  179 0000005E         
  180 0000005E         
  181 0000005E         __tx_ts_new
  182 0000005E         
  183 0000005E         
  184 0000005E         
  185 0000005E         
  186 0000005E         
  187 0000005E         
  188 0000005E         
  189 0000005E B672            CPSID            i
  190 00000060         
  191 00000060 6811            LDR              r1, [r2]



ARM Macro Assembler    Page 4 


  192 00000062 B1B1            CBZ              r1, __tx_ts_wait
  193 00000064         
  194 00000064         
  195 00000064         
  196 00000064 6001            STR              r1, [r0]
  197 00000066         
  198 00000066         
  199 00000066         
  200 00000066         
  201 00000066 B662            CPSIE            i
  202 00000068         
  203 00000068         
  204 00000068         
  205 00000068         
  206 00000068         __tx_ts_restore
  207 00000068 684F            LDR              r7, [r1, #4]
  208 0000006A 4C16            LDR              r4, =_tx_timer_time_slice
  209 0000006C 698D            LDR              r5, [r1, #24]
  210 0000006E F107 0701       ADD              r7, r7, #1
  211 00000072 604F            STR              r7, [r1, #4]
  212 00000074         
  213 00000074         
  214 00000074         
  215 00000074 6025            STR              r5, [r4]
  216 00000076         
  217 00000076         #line   223              "THREADX\\ports\\cortex_m4\\ac5
\\src\\tx_thread_schedule.s"
  223 00000076         
  224 00000076         
  225 00000076         
  226 00000076 F8D1 C008       LDR              r12, [r1, #8]
  227 0000007A F85C EB04       LDMIA            r12!, {LR}
  228 0000007E         
  229 0000007E F01E 0F10       TST              LR, #0x10
  230 00000082 D101            BNE              _skip_vfp_restore
  231 00000084 ECBC 8A10       VLDMIA           r12!, {s16-s31}
  232 00000088         _skip_vfp_restore
  233 00000088         
  234 00000088 E8BC 0FF0       LDMIA            r12!, {r4-r11}
  235 0000008C F38C 8809       MSR              PSP, r12
  236 00000090         
  237 00000090         
  238 00000090         
  239 00000090 4770            BX               lr
  240 00000092         
  241 00000092         
  242 00000092         
  243 00000092         
  244 00000092         
  245 00000092         __tx_ts_wait
  246 00000092         
  247 00000092         
  248 00000092         
  249 00000092         
  250 00000092 B672            CPSID            i
  251 00000094         
  252 00000094 6811            LDR              r1, [r2]
  253 00000096 6001            STR              r1, [r0]
  254 00000098 B909            CBNZ             r1, __tx_ts_ready



ARM Macro Assembler    Page 5 


  255 0000009A         
  256 0000009A         
  257 0000009A         
  258 0000009A         
  259 0000009A         
  260 0000009A         
  261 0000009A         
  262 0000009A         
  263 0000009A         
  264 0000009A         
  265 0000009A         
  266 0000009A         
  267 0000009A         
  268 0000009A         
  269 0000009A         
  270 0000009A         
  271 0000009A         
  272 0000009A         
  273 0000009A         
  274 0000009A         
  275 0000009A         
  276 0000009A         
  277 0000009A         
  278 0000009A B662            CPSIE            i
  279 0000009C         
  280 0000009C E7F9            B                __tx_ts_wait
  281 0000009E         
  282 0000009E         
  283 0000009E         
  284 0000009E         
  285 0000009E         __tx_ts_ready
  286 0000009E F04F 6700       MOV              r7, #0x08000000
  287 000000A2 F04F 28E0       MOV              r8, #0xE000E000
  288 000000A6 F8C8 7D04       STR              r7, [r8, #0xD04]
  289 000000AA         
  290 000000AA         
  291 000000AA         
  292 000000AA         
  293 000000AA         
  294 000000AA         
  295 000000AA B662            CPSIE            i
  296 000000AC         
  297 000000AC E7DC            B                __tx_ts_restore
  298 000000AE         
  299 000000AE         
  300 000000AE         
  301 000000AE                 EXPORT           tx_thread_fpu_enable
  302 000000AE         tx_thread_fpu_enable
  303 000000AE                 EXPORT           tx_thread_fpu_disable
  304 000000AE         tx_thread_fpu_disable
  305 000000AE         
  306 000000AE         
  307 000000AE         
  308 000000AE         
  309 000000AE 4770            BX               LR
  310 000000B0         
  311 000000B0                 EXPORT           _tx_vfp_access
  312 000000B0         _tx_vfp_access
  313 000000B0 EEB0 0A40       VMOV.F32         s0, s0



ARM Macro Assembler    Page 6 


  314 000000B4 4770            BX               lr
  315 000000B6         
  316 000000B6         
  317 000000B6         
  318 000000B6 00 00           ALIGN
  319 000000B8 00000000 
              00000000 
              00000000 
              00000000         LTORG
  320 000000C8                 END
Command Line: --debug --xref --cpreproc --diag_suppress=9931 --cpu=Cortex-M4.fp
.sp --apcs=interwork --depend=.\objects\tx_thread_schedule.d -o.\objects\tx_thr
ead_schedule.o -I.\THREADX\common\inc -I.\THREADX\ports\cortex_m4\ac5\inc -I.\S
YSTEM -I.\USER -ID:\Keilv5\Packs\Keil\STM32F4xx_DFP\2.15.0\Drivers\CMSIS\Device
\ST\STM32F4xx\Include -ID:\Keilv5\Packs\Keil\STM32F4xx_DFP\2.15.0\Device\Includ
e --predefine="__UVISION_VERSION SETA 543" --predefine="STM32F407xx SETA 1" --l
ist=.\listings\tx_thread_schedule.lst THREADX\ports\cortex_m4\ac5\src\tx_thread
_schedule.s



ARM Macro Assembler    Page 1 Alphabetic symbol ordering
Relocatable symbols

PendSV_Handler 0000002C

Symbol: PendSV_Handler
   Definitions
      At line 117 in file THREADX\\ports\\cortex_m4\\ac5\\src\\tx_thread_schedu
le.s
   Uses
      At line 115 in file THREADX\\ports\\cortex_m4\\ac5\\src\\tx_thread_schedu
le.s
Comment: PendSV_Handler used once
__tx_PendSVHandler 0000002C

Symbol: __tx_PendSVHandler
   Definitions
      At line 116 in file THREADX\\ports\\cortex_m4\\ac5\\src\\tx_thread_schedu
le.s
   Uses
      At line 114 in file THREADX\\ports\\cortex_m4\\ac5\\src\\tx_thread_schedu
le.s
Comment: __tx_PendSVHandler used once
__tx_ts_handler 0000002C

Symbol: __tx_ts_handler
   Definitions
      At line 121 in file THREADX\\ports\\cortex_m4\\ac5\\src\\tx_thread_schedu
le.s
   Uses
      None
Comment: __tx_ts_handler unused
__tx_ts_new 0000005E

Symbol: __tx_ts_new
   Definitions
      At line 181 in file THREADX\\ports\\cortex_m4\\ac5\\src\\tx_thread_schedu
le.s
   Uses
      At line 149 in file THREADX\\ports\\cortex_m4\\ac5\\src\\tx_thread_schedu
le.s
      At line 169 in file THREADX\\ports\\cortex_m4\\ac5\\src\\tx_thread_schedu
le.s

__tx_ts_ready 0000009E

Symbol: __tx_ts_ready
   Definitions
      At line 285 in file THREADX\\ports\\cortex_m4\\ac5\\src\\tx_thread_schedu
le.s
   Uses
      At line 254 in file THREADX\\ports\\cortex_m4\\ac5\\src\\tx_thread_schedu
le.s
Comment: __tx_ts_ready used once
__tx_ts_restore 00000068

Symbol: __tx_ts_restore
   Definitions
      At line 206 in file THREADX\\ports\\cortex_m4\\ac5\\src\\tx_thread_schedu
le.s
   Uses
      At line 297 in file THREADX\\ports\\cortex_m4\\ac5\\src\\tx_thread_schedu



ARM Macro Assembler    Page 2 Alphabetic symbol ordering
Relocatable symbols

le.s
Comment: __tx_ts_restore used once
__tx_ts_wait 00000092

Symbol: __tx_ts_wait
   Definitions
      At line 245 in file THREADX\\ports\\cortex_m4\\ac5\\src\\tx_thread_schedu
le.s
   Uses
      At line 192 in file THREADX\\ports\\cortex_m4\\ac5\\src\\tx_thread_schedu
le.s
      At line 280 in file THREADX\\ports\\cortex_m4\\ac5\\src\\tx_thread_schedu
le.s

__tx_wait_here 0000002A

Symbol: __tx_wait_here
   Definitions
      At line 108 in file THREADX\\ports\\cortex_m4\\ac5\\src\\tx_thread_schedu
le.s
   Uses
      At line 109 in file THREADX\\ports\\cortex_m4\\ac5\\src\\tx_thread_schedu
le.s
Comment: __tx_wait_here used once
_skip_vfp_restore 00000088

Symbol: _skip_vfp_restore
   Definitions
      At line 232 in file THREADX\\ports\\cortex_m4\\ac5\\src\\tx_thread_schedu
le.s
   Uses
      At line 230 in file THREADX\\ports\\cortex_m4\\ac5\\src\\tx_thread_schedu
le.s
Comment: _skip_vfp_restore used once
_skip_vfp_save 0000004C

Symbol: _skip_vfp_save
   Definitions
      At line 160 in file THREADX\\ports\\cortex_m4\\ac5\\src\\tx_thread_schedu
le.s
   Uses
      At line 158 in file THREADX\\ports\\cortex_m4\\ac5\\src\\tx_thread_schedu
le.s
Comment: _skip_vfp_save used once
_tx_thread_schedule 00000000

Symbol: _tx_thread_schedule
   Definitions
      At line 75 in file THREADX\\ports\\cortex_m4\\ac5\\src\\tx_thread_schedul
e.s
   Uses
      At line 74 in file THREADX\\ports\\cortex_m4\\ac5\\src\\tx_thread_schedul
e.s
Comment: _tx_thread_schedule used once
_tx_vfp_access 000000B0

Symbol: _tx_vfp_access
   Definitions
      At line 312 in file THREADX\\ports\\cortex_m4\\ac5\\src\\tx_thread_schedu



ARM Macro Assembler    Page 3 Alphabetic symbol ordering
Relocatable symbols

le.s
   Uses
      At line 311 in file THREADX\\ports\\cortex_m4\\ac5\\src\\tx_thread_schedu
le.s
Comment: _tx_vfp_access used once
tx_thread_fpu_disable 000000AE

Symbol: tx_thread_fpu_disable
   Definitions
      At line 304 in file THREADX\\ports\\cortex_m4\\ac5\\src\\tx_thread_schedu
le.s
   Uses
      At line 303 in file THREADX\\ports\\cortex_m4\\ac5\\src\\tx_thread_schedu
le.s
Comment: tx_thread_fpu_disable used once
tx_thread_fpu_enable 000000AE

Symbol: tx_thread_fpu_enable
   Definitions
      At line 302 in file THREADX\\ports\\cortex_m4\\ac5\\src\\tx_thread_schedu
le.s
   Uses
      At line 301 in file THREADX\\ports\\cortex_m4\\ac5\\src\\tx_thread_schedu
le.s
Comment: tx_thread_fpu_enable used once
|.text| 00000000

Symbol: |.text|
   Definitions
      At line 37 in file THREADX\\ports\\cortex_m4\\ac5\\src\\tx_thread_schedul
e.s
   Uses
      None
Comment: |.text| unused
15 symbols



ARM Macro Assembler    Page 1 Alphabetic symbol ordering
External symbols

_tx_thread_current_ptr 00000000

Symbol: _tx_thread_current_ptr
   Definitions
      At line 27 in file THREADX\\ports\\cortex_m4\\ac5\\src\\tx_thread_schedul
e.s
   Uses
      At line 142 in file THREADX\\ports\\cortex_m4\\ac5\\src\\tx_thread_schedu
le.s
Comment: _tx_thread_current_ptr used once
_tx_thread_execute_ptr 00000000

Symbol: _tx_thread_execute_ptr
   Definitions
      At line 28 in file THREADX\\ports\\cortex_m4\\ac5\\src\\tx_thread_schedul
e.s
   Uses
      At line 143 in file THREADX\\ports\\cortex_m4\\ac5\\src\\tx_thread_schedu
le.s
Comment: _tx_thread_execute_ptr used once
_tx_thread_preempt_disable 00000000

Symbol: _tx_thread_preempt_disable
   Definitions
      At line 31 in file THREADX\\ports\\cortex_m4\\ac5\\src\\tx_thread_schedul
e.s
   Uses
      At line 84 in file THREADX\\ports\\cortex_m4\\ac5\\src\\tx_thread_schedul
e.s
Comment: _tx_thread_preempt_disable used once
_tx_thread_system_stack_ptr 00000000

Symbol: _tx_thread_system_stack_ptr
   Definitions
      At line 30 in file THREADX\\ports\\cortex_m4\\ac5\\src\\tx_thread_schedul
e.s
   Uses
      None
Comment: _tx_thread_system_stack_ptr unused
_tx_timer_time_slice 00000000

Symbol: _tx_timer_time_slice
   Definitions
      At line 29 in file THREADX\\ports\\cortex_m4\\ac5\\src\\tx_thread_schedul
e.s
   Uses
      At line 162 in file THREADX\\ports\\cortex_m4\\ac5\\src\\tx_thread_schedu
le.s
      At line 208 in file THREADX\\ports\\cortex_m4\\ac5\\src\\tx_thread_schedu
le.s

5 symbols
355 symbols in table
