


ARM Macro Assembler    Page 1 


    1 00000000         #line   1                "THREADX\\ports\\cortex_m4\\ac5
\\src\\tx_timer_interrupt.s"
    1 00000000         
    2 00000000         
    3 00000000         
    4 00000000         
    5 00000000         
    6 00000000         
    7 00000000         
    8 00000000         
    9 00000000         
   10 00000000         
   11 00000000         
   12 00000000         
   13 00000000         
   14 00000000         
   15 00000000         
   16 00000000         
   17 00000000         
   18 00000000         
   19 00000000         
   20 00000000         
   21 00000000         
   22 00000000         
   23 00000000         
   24 00000000         
   25 00000000         
   26 00000000         
   27 00000000                 IMPORT           _tx_timer_time_slice
   28 00000000                 IMPORT           _tx_timer_system_clock
   29 00000000                 IMPORT           _tx_timer_current_ptr
   30 00000000                 IMPORT           _tx_timer_list_start
   31 00000000                 IMPORT           _tx_timer_list_end
   32 00000000                 IMPORT           _tx_timer_expired_time_slice
   33 00000000                 IMPORT           _tx_timer_expired
   34 00000000                 IMPORT           _tx_thread_time_slice
   35 00000000                 IMPORT           _tx_timer_expiration_process
   36 00000000                 IMPORT           _tx_thread_preempt_disable
   37 00000000                 IMPORT           _tx_thread_current_ptr
   38 00000000                 IMPORT           _tx_thread_execute_ptr
   39 00000000         
   40 00000000                 AREA             ||.text||, CODE, READONLY
   41 00000000                 PRESERVE8
   42 00000000         
   43 00000000         
   44 00000000         
   45 00000000         
   46 00000000         
   47 00000000         
   48 00000000         
   49 00000000         
   50 00000000         
   51 00000000         
   52 00000000         
   53 00000000         
   54 00000000         
   55 00000000         
   56 00000000         
   57 00000000         



ARM Macro Assembler    Page 2 


   58 00000000         
   59 00000000         
   60 00000000         
   61 00000000         
   62 00000000         
   63 00000000         
   64 00000000         
   65 00000000         
   66 00000000         
   67 00000000         
   68 00000000         
   69 00000000         
   70 00000000         
   71 00000000         
   72 00000000         
   73 00000000         
   74 00000000         
   75 00000000         
   76 00000000         
   77 00000000         
   78 00000000         
   79 00000000                 EXPORT           _tx_timer_interrupt
   80 00000000         _tx_timer_interrupt
   81 00000000         
   82 00000000         
   83 00000000         
   84 00000000         
   85 00000000         
   86 00000000         
   87 00000000         
   88 00000000 4922            LDR              r1, =_tx_timer_system_clock
   89 00000002 6808            LDR              r0, [r1, #0]
   90 00000004 F100 0001       ADD              r0, r0, #1
   91 00000008 6008            STR              r0, [r1, #0]
   92 0000000A         
   93 0000000A         
   94 0000000A         
   95 0000000A         
   96 0000000A         
   97 0000000A 4B21            LDR              r3, =_tx_timer_time_slice
   98 0000000C 681A            LDR              r2, [r3, #0]
   99 0000000E B13A            CBZ              r2, __tx_timer_no_time_slice
  100 00000010         
  101 00000010         
  102 00000010         
  103 00000010         
  104 00000010         
  105 00000010 F1A2 0201       SUB              r2, r2, #1
  106 00000014 601A            STR              r2, [r3, #0]
  107 00000016         
  108 00000016         
  109 00000016         
  110 00000016         
  111 00000016 B91A            CBNZ             r2, __tx_timer_no_time_slice
  112 00000018         
  113 00000018         
  114 00000018         
  115 00000018         
  116 00000018         



ARM Macro Assembler    Page 3 


  117 00000018 4B1E            LDR              r3, =_tx_timer_expired_time_sli
ce
  118 0000001A F04F 0001       MOV              r0, #1
  119 0000001E 6018            STR              r0, [r3, #0]
  120 00000020         
  121 00000020         
  122 00000020         
  123 00000020         __tx_timer_no_time_slice
  124 00000020         
  125 00000020         
  126 00000020         
  127 00000020         
  128 00000020         
  129 00000020 491D            LDR              r1, =_tx_timer_current_ptr
  130 00000022 6808            LDR              r0, [r1, #0]
  131 00000024 6802            LDR              r2, [r0, #0]
  132 00000026 B122            CBZ              r2, __tx_timer_no_timer
  133 00000028         
  134 00000028         
  135 00000028         
  136 00000028         
  137 00000028         
  138 00000028 4B1C            LDR              r3, =_tx_timer_expired
  139 0000002A F04F 0201       MOV              r2, #1
  140 0000002E 601A            STR              r2, [r3, #0]
  141 00000030 E008            B                __tx_timer_done
  142 00000032         
  143 00000032         
  144 00000032         
  145 00000032         
  146 00000032         __tx_timer_no_timer
  147 00000032         
  148 00000032         
  149 00000032         
  150 00000032         
  151 00000032 F100 0004       ADD              r0, r0, #4
  152 00000036         
  153 00000036         
  154 00000036         
  155 00000036         
  156 00000036 4B1A            LDR              r3, =_tx_timer_list_end
  157 00000038 681A            LDR              r2, [r3, #0]
  158 0000003A 4290            CMP              r0, r2
  159 0000003C D101            BNE              __tx_timer_skip_wrap
  160 0000003E         
  161 0000003E         
  162 0000003E         
  163 0000003E         
  164 0000003E 4B19            LDR              r3, =_tx_timer_list_start
  165 00000040 6818            LDR              r0, [r3, #0]
  166 00000042         
  167 00000042         __tx_timer_skip_wrap
  168 00000042         
  169 00000042 6008            STR              r0, [r1, #0]
  170 00000044         
  171 00000044         
  172 00000044         __tx_timer_done
  173 00000044         
  174 00000044         



ARM Macro Assembler    Page 4 


  175 00000044         
  176 00000044         
  177 00000044         
  178 00000044 4B13            LDR              r3, =_tx_timer_expired_time_sli
ce
  179 00000046 681A            LDR              r2, [r3, #0]
  180 00000048 B912            CBNZ             r2, __tx_something_expired
  181 0000004A         
  182 0000004A 4914            LDR              r1, =_tx_timer_expired
  183 0000004C 6808            LDR              r0, [r1, #0]
  184 0000004E B1C8            CBZ              r0, __tx_timer_nothing_expired
  185 00000050         
  186 00000050         
  187 00000050         __tx_something_expired
  188 00000050         
  189 00000050 B501            STMDB            sp!, {r0, lr}
  190 00000052         
  191 00000052         
  192 00000052         
  193 00000052         
  194 00000052         
  195 00000052         
  196 00000052 4912            LDR              r1, =_tx_timer_expired
  197 00000054 6808            LDR              r0, [r1, #0]
  198 00000056 B108            CBZ              r0, __tx_timer_dont_activate
  199 00000058         
  200 00000058         
  201 00000058         
  202 00000058         
  203 00000058         
  204 00000058 F7FF FFFE       BL               _tx_timer_expiration_process
  205 0000005C         
  206 0000005C         
  207 0000005C         __tx_timer_dont_activate
  208 0000005C         
  209 0000005C         
  210 0000005C         
  211 0000005C         
  212 0000005C         
  213 0000005C 4B0D            LDR              r3, =_tx_timer_expired_time_sli
ce
  214 0000005E 681A            LDR              r2, [r3, #0]
  215 00000060 B172            CBZ              r2, __tx_timer_not_ts_expiratio
n
  216 00000062         
  217 00000062         
  218 00000062         
  219 00000062         
  220 00000062         
  221 00000062 F7FF FFFE       BL               _tx_thread_time_slice
  222 00000066 4810            LDR              r0, =_tx_thread_preempt_disable
  223 00000068 6801            LDR              r1, [r0]
  224 0000006A B949            CBNZ             r1, __tx_timer_skip_time_slice
  225 0000006C 480F            LDR              r0, =_tx_thread_current_ptr
  226 0000006E 6801            LDR              r1, [r0]
  227 00000070 4A0F            LDR              r2, =_tx_thread_execute_ptr
  228 00000072 6813            LDR              r3, [r2]
  229 00000074 480F            LDR              r0, =0xE000ED04
  230 00000076 F04F 5280       LDR              r2, =0x10000000



ARM Macro Assembler    Page 5 


  231 0000007A 4299            CMP              r1, r3
  232 0000007C D000            BEQ              __tx_timer_skip_time_slice
  233 0000007E 6002            STR              r2, [r0]
  234 00000080         __tx_timer_skip_time_slice
  235 00000080         
  236 00000080         
  237 00000080         
  238 00000080         __tx_timer_not_ts_expiration
  239 00000080         
  240 00000080 E8BD 4001       LDMIA            sp!, {r0, lr}
  241 00000084         
  242 00000084         
  243 00000084         
  244 00000084         
  245 00000084         __tx_timer_nothing_expired
  246 00000084         
  247 00000084 F3BF 8F4F       DSB
  248 00000088 4770            BX               lr
  249 0000008A         
  250 0000008A         
  251 0000008A 00 00           ALIGN
  252 0000008C 00000000 
              00000000 
              00000000 
              00000000 
              00000000 
              00000000 
              00000000 
              00000000 
              00000000 
              00000000 
              E000ED04         LTORG
  253 000000B8                 END
Command Line: --debug --xref --cpreproc --diag_suppress=9931 --cpu=Cortex-M4.fp
.sp --apcs=interwork --depend=.\objects\tx_timer_interrupt.d -o.\objects\tx_tim
er_interrupt.o -I.\THREADX\common\inc -I.\THREADX\ports\cortex_m4\ac5\inc -I.\S
YSTEM -I.\USER -ID:\Keilv5\Packs\Keil\STM32F4xx_DFP\2.15.0\Drivers\CMSIS\Device
\ST\STM32F4xx\Include -ID:\Keilv5\Packs\Keil\STM32F4xx_DFP\2.15.0\Device\Includ
e --predefine="__UVISION_VERSION SETA 543" --predefine="STM32F407xx SETA 1" --l
ist=.\listings\tx_timer_interrupt.lst THREADX\ports\cortex_m4\ac5\src\tx_timer_
interrupt.s



ARM Macro Assembler    Page 1 Alphabetic symbol ordering
Relocatable symbols

__tx_something_expired 00000050

Symbol: __tx_something_expired
   Definitions
      At line 187 in file THREADX\\ports\\cortex_m4\\ac5\\src\\tx_timer_interru
pt.s
   Uses
      At line 180 in file THREADX\\ports\\cortex_m4\\ac5\\src\\tx_timer_interru
pt.s
Comment: __tx_something_expired used once
__tx_timer_done 00000044

Symbol: __tx_timer_done
   Definitions
      At line 172 in file THREADX\\ports\\cortex_m4\\ac5\\src\\tx_timer_interru
pt.s
   Uses
      At line 141 in file THREADX\\ports\\cortex_m4\\ac5\\src\\tx_timer_interru
pt.s
Comment: __tx_timer_done used once
__tx_timer_dont_activate 0000005C

Symbol: __tx_timer_dont_activate
   Definitions
      At line 207 in file THREADX\\ports\\cortex_m4\\ac5\\src\\tx_timer_interru
pt.s
   Uses
      At line 198 in file THREADX\\ports\\cortex_m4\\ac5\\src\\tx_timer_interru
pt.s
Comment: __tx_timer_dont_activate used once
__tx_timer_no_time_slice 00000020

Symbol: __tx_timer_no_time_slice
   Definitions
      At line 123 in file THREADX\\ports\\cortex_m4\\ac5\\src\\tx_timer_interru
pt.s
   Uses
      At line 99 in file THREADX\\ports\\cortex_m4\\ac5\\src\\tx_timer_interrup
t.s
      At line 111 in file THREADX\\ports\\cortex_m4\\ac5\\src\\tx_timer_interru
pt.s

__tx_timer_no_timer 00000032

Symbol: __tx_timer_no_timer
   Definitions
      At line 146 in file THREADX\\ports\\cortex_m4\\ac5\\src\\tx_timer_interru
pt.s
   Uses
      At line 132 in file THREADX\\ports\\cortex_m4\\ac5\\src\\tx_timer_interru
pt.s
Comment: __tx_timer_no_timer used once
__tx_timer_not_ts_expiration 00000080

Symbol: __tx_timer_not_ts_expiration
   Definitions
      At line 238 in file THREADX\\ports\\cortex_m4\\ac5\\src\\tx_timer_interru
pt.s
   Uses



ARM Macro Assembler    Page 2 Alphabetic symbol ordering
Relocatable symbols

      At line 215 in file THREADX\\ports\\cortex_m4\\ac5\\src\\tx_timer_interru
pt.s
Comment: __tx_timer_not_ts_expiration used once
__tx_timer_nothing_expired 00000084

Symbol: __tx_timer_nothing_expired
   Definitions
      At line 245 in file THREADX\\ports\\cortex_m4\\ac5\\src\\tx_timer_interru
pt.s
   Uses
      At line 184 in file THREADX\\ports\\cortex_m4\\ac5\\src\\tx_timer_interru
pt.s
Comment: __tx_timer_nothing_expired used once
__tx_timer_skip_time_slice 00000080

Symbol: __tx_timer_skip_time_slice
   Definitions
      At line 234 in file THREADX\\ports\\cortex_m4\\ac5\\src\\tx_timer_interru
pt.s
   Uses
      At line 224 in file THREADX\\ports\\cortex_m4\\ac5\\src\\tx_timer_interru
pt.s
      At line 232 in file THREADX\\ports\\cortex_m4\\ac5\\src\\tx_timer_interru
pt.s

__tx_timer_skip_wrap 00000042

Symbol: __tx_timer_skip_wrap
   Definitions
      At line 167 in file THREADX\\ports\\cortex_m4\\ac5\\src\\tx_timer_interru
pt.s
   Uses
      At line 159 in file THREADX\\ports\\cortex_m4\\ac5\\src\\tx_timer_interru
pt.s
Comment: __tx_timer_skip_wrap used once
_tx_timer_interrupt 00000000

Symbol: _tx_timer_interrupt
   Definitions
      At line 80 in file THREADX\\ports\\cortex_m4\\ac5\\src\\tx_timer_interrup
t.s
   Uses
      At line 79 in file THREADX\\ports\\cortex_m4\\ac5\\src\\tx_timer_interrup
t.s
Comment: _tx_timer_interrupt used once
|.text| 00000000

Symbol: |.text|
   Definitions
      At line 40 in file THREADX\\ports\\cortex_m4\\ac5\\src\\tx_timer_interrup
t.s
   Uses
      None
Comment: |.text| unused
11 symbols



ARM Macro Assembler    Page 1 Alphabetic symbol ordering
External symbols

_tx_thread_current_ptr 00000000

Symbol: _tx_thread_current_ptr
   Definitions
      At line 37 in file THREADX\\ports\\cortex_m4\\ac5\\src\\tx_timer_interrup
t.s
   Uses
      At line 225 in file THREADX\\ports\\cortex_m4\\ac5\\src\\tx_timer_interru
pt.s
Comment: _tx_thread_current_ptr used once
_tx_thread_execute_ptr 00000000

Symbol: _tx_thread_execute_ptr
   Definitions
      At line 38 in file THREADX\\ports\\cortex_m4\\ac5\\src\\tx_timer_interrup
t.s
   Uses
      At line 227 in file THREADX\\ports\\cortex_m4\\ac5\\src\\tx_timer_interru
pt.s
Comment: _tx_thread_execute_ptr used once
_tx_thread_preempt_disable 00000000

Symbol: _tx_thread_preempt_disable
   Definitions
      At line 36 in file THREADX\\ports\\cortex_m4\\ac5\\src\\tx_timer_interrup
t.s
   Uses
      At line 222 in file THREADX\\ports\\cortex_m4\\ac5\\src\\tx_timer_interru
pt.s
Comment: _tx_thread_preempt_disable used once
_tx_thread_time_slice 00000000

Symbol: _tx_thread_time_slice
   Definitions
      At line 34 in file THREADX\\ports\\cortex_m4\\ac5\\src\\tx_timer_interrup
t.s
   Uses
      At line 221 in file THREADX\\ports\\cortex_m4\\ac5\\src\\tx_timer_interru
pt.s
Comment: _tx_thread_time_slice used once
_tx_timer_current_ptr 00000000

Symbol: _tx_timer_current_ptr
   Definitions
      At line 29 in file THREADX\\ports\\cortex_m4\\ac5\\src\\tx_timer_interrup
t.s
   Uses
      At line 129 in file THREADX\\ports\\cortex_m4\\ac5\\src\\tx_timer_interru
pt.s
Comment: _tx_timer_current_ptr used once
_tx_timer_expiration_process 00000000

Symbol: _tx_timer_expiration_process
   Definitions
      At line 35 in file THREADX\\ports\\cortex_m4\\ac5\\src\\tx_timer_interrup
t.s
   Uses
      At line 204 in file THREADX\\ports\\cortex_m4\\ac5\\src\\tx_timer_interru
pt.s



ARM Macro Assembler    Page 2 Alphabetic symbol ordering
External symbols

Comment: _tx_timer_expiration_process used once
_tx_timer_expired 00000000

Symbol: _tx_timer_expired
   Definitions
      At line 33 in file THREADX\\ports\\cortex_m4\\ac5\\src\\tx_timer_interrup
t.s
   Uses
      At line 138 in file THREADX\\ports\\cortex_m4\\ac5\\src\\tx_timer_interru
pt.s
      At line 182 in file THREADX\\ports\\cortex_m4\\ac5\\src\\tx_timer_interru
pt.s
      At line 196 in file THREADX\\ports\\cortex_m4\\ac5\\src\\tx_timer_interru
pt.s

_tx_timer_expired_time_slice 00000000

Symbol: _tx_timer_expired_time_slice
   Definitions
      At line 32 in file THREADX\\ports\\cortex_m4\\ac5\\src\\tx_timer_interrup
t.s
   Uses
      At line 117 in file THREADX\\ports\\cortex_m4\\ac5\\src\\tx_timer_interru
pt.s
      At line 178 in file THREADX\\ports\\cortex_m4\\ac5\\src\\tx_timer_interru
pt.s
      At line 213 in file THREADX\\ports\\cortex_m4\\ac5\\src\\tx_timer_interru
pt.s

_tx_timer_list_end 00000000

Symbol: _tx_timer_list_end
   Definitions
      At line 31 in file THREADX\\ports\\cortex_m4\\ac5\\src\\tx_timer_interrup
t.s
   Uses
      At line 156 in file THREADX\\ports\\cortex_m4\\ac5\\src\\tx_timer_interru
pt.s
Comment: _tx_timer_list_end used once
_tx_timer_list_start 00000000

Symbol: _tx_timer_list_start
   Definitions
      At line 30 in file THREADX\\ports\\cortex_m4\\ac5\\src\\tx_timer_interrup
t.s
   Uses
      At line 164 in file THREADX\\ports\\cortex_m4\\ac5\\src\\tx_timer_interru
pt.s
Comment: _tx_timer_list_start used once
_tx_timer_system_clock 00000000

Symbol: _tx_timer_system_clock
   Definitions
      At line 28 in file THREADX\\ports\\cortex_m4\\ac5\\src\\tx_timer_interrup
t.s
   Uses
      At line 88 in file THREADX\\ports\\cortex_m4\\ac5\\src\\tx_timer_interrup
t.s
Comment: _tx_timer_system_clock used once



ARM Macro Assembler    Page 3 Alphabetic symbol ordering
External symbols

_tx_timer_time_slice 00000000

Symbol: _tx_timer_time_slice
   Definitions
      At line 27 in file THREADX\\ports\\cortex_m4\\ac5\\src\\tx_timer_interrup
t.s
   Uses
      At line 97 in file THREADX\\ports\\cortex_m4\\ac5\\src\\tx_timer_interrup
t.s
Comment: _tx_timer_time_slice used once
12 symbols
358 symbols in table
